\BOOKMARK [1][-]{section.1}{\376\377\133\236\232\214\166\356\166\204}{}% 1
\BOOKMARK [1][-]{section.2}{\376\377\133\236\232\214\163\257\130\203\116\016\145\160\143\156}{}% 2
\BOOKMARK [2][-]{subsection.2.1}{\376\377\133\236\232\214\163\257\130\203}{section.2}% 3
\BOOKMARK [2][-]{subsection.2.2}{\376\377\133\236\232\214\145\160\143\156}{section.2}% 4
\BOOKMARK [1][-]{section.3}{\376\377\133\236\232\214\116\373\122\241}{}% 5
\BOOKMARK [1][-]{section.4}{\376\377\133\236\232\214\123\237\164\006}{}% 6
\BOOKMARK [2][-]{subsection.4.1}{\376\377\123\125\136\224\123\330\143\142\152\041\127\213}{section.4}% 7
\BOOKMARK [2][-]{subsection.4.2}{\376\377\162\171\137\201\123\071\221\115\116\016\000\040\000R\000A\000N\000S\000A\000C}{section.4}% 8
\BOOKMARK [2][-]{subsection.4.3}{\376\377\176\323\147\234\213\304\117\060}{section.4}% 9
\BOOKMARK [1][-]{section.5}{\376\377\121\163\225\056\116\343\170\001}{}% 10
\BOOKMARK [2][-]{subsection.5.1}{\376\377\000O\000R\000B\000\040\162\171\137\201\143\320\123\326\116\016\123\071\221\115}{section.5}% 11
\BOOKMARK [2][-]{subsection.5.2}{\376\377\000R\000A\000N\000S\000A\000C\000\040\217\307\156\344\213\357\123\071\221\115}{section.5}% 12
\BOOKMARK [2][-]{subsection.5.3}{\376\377\226\217\147\072\000\040\0007\000\040\160\271\117\060\213\241\123\125\136\224\167\351\226\065}{section.5}% 13
\BOOKMARK [1][-]{section.6}{\376\377\133\236\232\214\155\101\172\013}{}% 14
\BOOKMARK [1][-]{section.7}{\376\377\133\236\232\214\176\323\147\234\116\016\122\006\147\220}{}% 15
\BOOKMARK [2][-]{subsection.7.1}{\376\377\123\237\131\313\126\376\120\317}{section.7}% 16
\BOOKMARK [2][-]{subsection.7.2}{\376\377\226\217\147\072\000\040\0007\000\040\133\371\133\371\136\224\160\271}{section.7}% 17
\BOOKMARK [2][-]{subsection.7.3}{\376\377\117\060\213\241\137\227\122\060\166\204\123\125\136\224\167\351\226\065}{section.7}% 18
\BOOKMARK [2][-]{subsection.7.4}{\376\377\221\115\121\306\176\323\147\234\123\357\211\306\123\026}{section.7}% 19
\BOOKMARK [2][-]{subsection.7.5}{\376\377\221\317\123\026\143\007\150\007}{section.7}% 20
\BOOKMARK [1][-]{section.8}{\376\377\176\323\213\272}{}% 21
